0 |features  focking mooi vuurwerk net    van me zelf ook   
0 |features  happy new year guys  
0 |features  hoje vou ligar pro   victorribeiro e pro  thiagobanik s2s2 
0 |features  serieus waarom moet ik met allemaal mensen praten aan de telefoon waarvan ik niet eens meer weet wie ze zijn of hoe ze eruit zien         
0 |features  countdown jx 
0 |features  jamaican black castor oil is sweet intended for hair development    http://ping http://ping.fm http://ping.fm/060g
0 |features  happy new year tweeps  hope u have a gd one  
0 |features  hopefully when i start my new school i can get back some money back and be ballers like yall hoes  knockitoff 
0 |features  roses are red  violets a blue  i have five fingers  the middle ones for you  gt   lt  
0 |features  xnrg hearing january is gonna be awesome  
1 |features  i got some bottles here   they have a post it   it says   we are chaaaarming   o @emmanuelvondoom:  imjeroskai thumbs up   h  
0 |features   shout out to all the women who have carl malone shoulders 
0 |features  review of the polish pottery house  a perfect transaction  very friendly service  prompt shipping  i couldn t have     http://r8t http://r8t.us http://r8t.us/fbuHq
0 |features  good bye 2010   hello 2011         d 
0 |features  an enormous  heartfelt thank you to everyone who supported ripe time in 2010  we are so close to our fall appeal     http://fb http://fb.me http://fb.me/ARK65BU
0 |features  i just unlocked the  new year s 2011  badge on  foursquare   http://4sq http://4sq.com http://4sq.com/eduPw
0 |features   bong   happy new year  you lovely lot  xxx 
0 |features  edmonton 2002 chrysler concorde lx sedan  4 000 00 fully laoded except leather and sunroof  power m     http://tinyurl http://tinyurl.com http://tinyurl.com/39tz5y
0 |features  happy new year everyone  
0 |features  free alberta foreclosure seminars live in edmonton   http://nxy http://nxy.in http://nxy.in/b1tw
0 |features  whether 2010 was good or bad to you  say goodbye  welcome to the new year  let us all wander into the future together  have a great 2011 x 
0 |features  happy new year everyone  have a great 2011    
0 |features  estranho saber que sou importante para algumas pessoas  justo eu que me sinto um lixo de pessoa  
0 |features  why you can t successfully make money online    submit site free  many people know different methods how to make     http://bit http://bit.ly http://bit.ly/hBMhl
0 |features  wow  i need a wee  
0 |features  happy new yearrrr     d 
0 |features  feliz ano novo bando de puta 
0 |features  london just rang in the new years across the pond  5 hours  til the ball drops in ny   2011 
0 |features  101100101 011000110 111000100 100000100 100110100 010000000 101110010 111101100 100111011 001110010 100101101 011000110 111000001 100100111 
1 |features    fireland rules  @IKIDYOUNOT: what in the world would we do without laughter   http://tinyurl http://tinyurl.com http://tinyurl.com/27j4gd favorite2010twittermemories 
0 |features  and what better way to ratchet up the pressure on a runaway  yet still impressive  ego than by twisting the knife on a football blog   colin 
0 |features  i m at luther s rx bar  beaufort   http://4sq http://4sq.com http://4sq.com/fgKx8
0 |features  happy new year  
0 |features   washybanjo odds have nothing to do with it  in the jelly bean experiment  od     youtube  http://youtu http://youtu.be http://youtu.be/48TZ5k0s9Bc?a
0 |features  happy 2011  everyone  fireworks seem to be going off     fb 
0 |features  bornthisway iosdfiosdiusdf 
0 |features  happy new year 2011       
0 |features  i favorited a youtube video    david bowie   space oddity  1997 live   http://youtu http://youtu.be http://youtu.be/J9fkYQ6pPeU?
0 |features   in2011 im puttin dah cancer sticks dwn  hope i can do dis 
0 |features  frohes neues jahr                             frohes neues jahr                             frohes neues jahr                             
0 |features  happy new year       d 
0 |features  01 01 
0 |features  happy new year  x  
0 |features  happy new year   xxxxxxxxx 
0 |features  broken again     http://yfrog http://yfrog.com http://yfrog.com/h7p34e
0 |features  gente eu vou no  roscasuarez fala oi pra turm e ja volto     
0 |features  i want a mother fuckin onesie  
0 |features   2011 twitter needs too fixx that  over capacity  shit it be doing  rt if you agree 
0 |features  q hay pa hoy en  bar kiu     
0 |features  it s 2011 right around the corner so how about u learn to suck a dick n shut up 
0 |features  faltam 2 horas 
0 |features  gracias a  cf america fue d lo mejor en este year  http://yfrog http://yfrog.com http://yfrog.com/gzk1gh
0 |features  small business loans are available for  dentists  http://bit http://bit.ly http://bit.ly/9W4SN smbiz  smallbusiness  sba  needmoney 
0 |features  bateu saudades do  guerreiro  ryangracie  o vale tudo nunca ira esquecer dese lutador completo  y  
0 |features  i love guam  anything is something worth celebrating with bbq and beer  new years  christmas  halloween  thanksgiving  wednesday    
0 |features  the christmas feast continued on sunday with the feast of the holy family of nazareth celebrated on sunday 26th december 
0 |features  it is now 2011  and i am spending this new year  as always  alone at my computer  i live a wild  wild life  i do  so very wild  
1 |features  @XxEnthusiast:  happynewyear  ff  curvycora the gorgeous  missvoluptuis and the perfect  shesosupathick as well as  judgemeeknot 
0 |features  agora eu ja to pronta   e vou ver teve cm meu amr enquanto o povo nao chega aqui em casa    
0 |features  time to get ready   long day ahead  
1 |features  @_OhS10_: @little_bit4: look who i found in phx  adrianpeterson and  larryfitzgerald bobble heads   boomer      http://tmi http://tmi.me http://tmi.me/4Tbn
0 |features  dang  people on my tl already bout 2 have a new year  
0 |features  girls are ridiculous 
1 |features   imatakeashot @KisssMe_There @SiceGod @ps_imKY: when the ball drops  imahitmydougie   
0 |features   np can t tell me nothin   mr  west 
0 |features  i m at lapangan rampal malang 
0 |features   d "@Quotealicious: hey china  how does 2011 look   quotealicious  
0 |features  voo noo banhoooo  y  resenha chegaaa   
0 |features  overcast and 14 f at elko  nv winds are southwest at 8 1 mph  7 kt   the pressure is 1021 7 mb and the humidity is 61    http://s2z http://s2z.us http://s2z.us/ie http://s2z.us/ie.ht
0 |features  happy new year guys hope it will be better than last year  lt 3 xxxx 
0 |features  metar  lfpg 312330z 10004kt 070v130 7000 sct004 bkn005 m01 m02 q1025 582   68 nosig 
0 |features  ai galeraaaaaaaaaaaaaaaaaaaaaaaa felizzzzzzzzzzzzz anoooooooooooooooooooooo nooooooooooooooovoooooooooooooooooooo praaaa todos 
0 |features  nieuwe jaar  nieuwe kansen  nieuwe gekte   iedereen gelukkig nieuwjaar   
0 |features  happy new year  
0 |features  happy new year to all 
0 |features  my resolutions are nothing more than what i work towards everyday  but writing them forces me to reflect   
0 |features  happy new years      lt 3 
0 |features  hello happy new years eve now is time to ff 
0 |features  omg  wills friend just compared his haircut to luke perry from 90210  yes      my first celeb crush ever  
0 |features  i would say that the town is the best movie i saw this year by far 
0 |features  birulevo new year party  http://dailybooth http://dailybooth.com http://dailybooth.com/u http://dailybooth.com/u/70kp
0 |features  em  mmxi vou corrigir todos os meus erros de  mmx dai vou ser perfeito       saisuhiahsia 
0 |features  happy new fucking year   an hour late 
0 |features  happy new year to everyone in the uk and everywhere else it is now new year   usa you still gotta wait 5 8 hours  
0 |features  awwwww man  i missed my 23 000 tweet buttttttt i mma give my 23  001 lol tweet to  b ackwards just cause she s my heart   lt 3 
0 |features  and if i wouldn t do it its prolly better that you don t do it either    
0 |features  happy new year from london  
0 |features  i just unlocked the  new year s 2011  badge on  foursquare   http://4sq http://4sq.com http://4sq.com/hr3Ke
0 |features  bornthisway  sambando e comendo charque 
0 |features  happy new year    in the uk    
0 |features  amo vcs mt mt mt mt mt mt mt mt mt mt mt mt mt mt mt mt mt mt mt mt mt mt mt mt mt mt mt mt mt mt mt mt mt mt mt mt mt mt mt mt mt mt  c e 
0 |features  happy new year guys    
0 |features  fresh on computer foods uk  dell helps customers simplify  save with flexible computing offerings   dell virtual re     http://bit http://bit.ly http://bit.ly/gyF9D
0 |features  nothing says usa like the patriotic music and images at passport control  
0 |features  que bello mi hermanito  titi te ves muy bonita l  
0 |features  esquentinha basico antes de ir pra casa da daianee  haha ano novooooo 
0 |features  new years yeah 
0 |features  rfuckint  reginaldaime  yo its an million man march at the barber shop i never since seen so many niggas in one pace in my life lol 
0 |features  year 
0 |features  wishing everyone a great day and hopeing everyone is waiting for the new year with there loved ones     yay new year new begining           
0 |features  the fifty hottest women russia has to offeroh  yeah  have you seen every single woman in russia  huh  
0 |features  happy new year  
0 |features  wow  just 7 00 and these ninjas already shooting guns 
0 |features  feliz ano novo  gente  
0 |features  breaking news  several people reported dead after explosion at church in alexandria  egypt 
1 |features  wow  o @detikcom: 76 persen pidato hukum sby tak ada yang terealisasi  http://de http://de.tk http://de.tk/26UP
0 |features  think ima order a pizza wen my mova leave 
0 |features  feliz 2011 
0 |features  a true maverick  i don t give a shit    i m do it my way  
0 |features  well itv are springing me joyfully into the new year with news of murder  ive never seen a more somber new years program  good god smile ffs 
0 |features  don t stop the pop  collab with rainerisabella961   http://bit http://bit.ly http://bit.ly/i9erI
0 |features  wishing all of our customers  fans  supporters and families a happy new year  thanks to each of you for a great     http://fb http://fb.me http://fb.me/ROBKzMo
0 |features  wooooooooooooooooo happy new year       
0 |features  are u drunk rt  toprankine28  pussy a the lawyer n my buddy just get bail wtf   kartel no sah u too much  
1 |features  mau banget kalo itu mah  d @CaFyLicious: kalo aku  keduanya follow back acc ini  d @17LintangAyu: minimal candle light dinner    @ 
0 |features  so 2011 is going to be equally shit  
0 |features  7 00 pm   binion s poker room  100 no limit hold em  poker tournament  binionslv  http://thepokeratlas http://thepokeratlas.com http://thepokeratlas.com/22 vegas  lasvegas 
1 |features  mereka udah nikah  mjb @osutoraria: hei hei  anastasiakeehl dan   haruharu  selamat menempuh hidup baru  d 
1 |features  @HousePartyFLZ: can t thank u enough for lending us ur ears every saturday night for 3 hrs in 2010  without      http://tmi http://tmi.me http://tmi.me/4Tbo
0 |features  annddd   finallyyy   happy new year     
0 |features  john miles   music  is great fireworks music  happy new year  folks  
0 |features  los chinos si tiran fuegos artificiales         
0 |features  ja passei o ano novo na praia foi tragico pq qndo fui pula a onda eu tropecei cai me afoguei e fui pro hospital co agua no pulmao 
0 |features  follow  itsjaybabes  she knows   julkeybeats and she s my bestfriend lt 3  she s also biebers homegirl lololo okay follow her  
0 |features  ilove kevin hart  
0 |features  espero que em 2011 eu realize meus sonhos     
1 |features  @azularosa11 god places the heaviest burden on those who can carry its weight  reggie white 
0 |features  happy new year  i still have 5 hours to go of 2010  back in fucking time man 
0 |features  we ll be superstars tonight but go home and sleep alone 
0 |features  i just took  your kenny hamilton s daughter your mom is sending you on tour for att     and got  part 7 cody    try it   http://bit http://bit.ly http://bit.ly/eilpZ
0 |features  happy new year xd 
0 |features  jajajajajaja discusion y luego renconciliacion  oooh si  soy la mejor 
0 |features  happy new year everyone  
0 |features  happy new year   happynewyear 
0 |features  happy new year     d love ye all  
